<?xml version="1.0" encoding="UTF-8" ?>
<testsuite errors="0" failures="0" hostname="FRANKENSTEIN" name="fiuba.algo3.PoliciaTest" skipped="0" tests="7" time="0.011" timestamp="2014-06-11T13:24:17">
  <properties>
    <property name="java.vendor" value="Sun Microsystems Inc." />
    <property name="coverage.summaryxml.dir" value="C:\ProyectosAlgo3\proyecto-carmensandiego\build\reports\cobertura-summary-xml" />
    <property name="libs" value="C:\ProyectosAlgo3\proyecto-carmensandiego\libs" />
    <property name="sun.java.launcher" value="SUN_STANDARD" />
    <property name="sun.management.compiler" value="HotSpot 64-Bit Tiered Compilers" />
    <property name="os.name" value="Windows 7" />
    <property name="sun.boot.class.path" value="C:\Program Files\Java\jdk1.6.0_45\jre\lib\resources.jar;C:\Program Files\Java\jdk1.6.0_45\jre\lib\rt.jar;C:\Program Files\Java\jdk1.6.0_45\jre\lib\sunrsasign.jar;C:\Program Files\Java\jdk1.6.0_45\jre\lib\jsse.jar;C:\Program Files\Java\jdk1.6.0_45\jre\lib\jce.jar;C:\Program Files\Java\jdk1.6.0_45\jre\lib\charsets.jar;C:\Program Files\Java\jdk1.6.0_45\jre\lib\modules\jdk.boot.jar;C:\Program Files\Java\jdk1.6.0_45\jre\classes" />
    <property name="reports.html.dir" value="C:\ProyectosAlgo3\proyecto-carmensandiego\build\reports\junit-html" />
    <property name="sun.desktop" value="windows" />
    <property name="ant.file.type.tp-final-algo3" value="file" />
    <property name="java.vm.specification.vendor" value="Sun Microsystems Inc." />
    <property name="net.sourceforge.cobertura.datafile" value="C:\ProyectosAlgo3\proyecto-carmensandiego\build\cobertura.ser" />
    <property name="ant.home" value="C:\Program Files\Java\apache-ant-1.9.4\bin\.." />
    <property name="java.runtime.version" value="1.6.0_45-b06" />
    <property name="cobertura.dir" value="C:\ProyectosAlgo3\proyecto-carmensandiego\libs" />
    <property name="user.name" value="makënn" />
    <property name="user.language" value="es" />
    <property name="build" value="C:\ProyectosAlgo3\proyecto-carmensandiego\build" />
    <property name="sun.boot.library.path" value="C:\Program Files\Java\jdk1.6.0_45\jre\bin" />
    <property name="reports.dir" value="C:\ProyectosAlgo3\proyecto-carmensandiego\build\reports" />
    <property name="ant.project.default-target" value="test" />
    <property name="ant.project.name" value="tp-final-algo3" />
    <property name="java.version" value="1.6.0_45" />
    <property name="coverage.html.dir" value="C:\ProyectosAlgo3\proyecto-carmensandiego\build\reports\cobertura-html" />
    <property name="user.timezone" value="" />
    <property name="sun.arch.data.model" value="64" />
    <property name="java.endorsed.dirs" value="C:\Program Files\Java\jdk1.6.0_45\jre\lib\endorsed" />
    <property name="sun.cpu.isalist" value="amd64" />
    <property name="sun.jnu.encoding" value="Cp1252" />
    <property name="file.encoding.pkg" value="sun.io" />
    <property name="file.separator" value="\" />
    <property name="java.specification.name" value="Java Platform API Specification" />
    <property name="classes.dir" value="C:\ProyectosAlgo3\proyecto-carmensandiego\build" />
    <property name="java.class.version" value="50.0" />
    <property name="user.country" value="AR" />
    <property name="java.home" value="C:\Program Files\Java\jdk1.6.0_45\jre" />
    <property name="java.vm.info" value="mixed mode" />
    <property name="ant.file" value="C:\ProyectosAlgo3\proyecto-carmensandiego\build.xml" />
    <property name="os.version" value="6.1" />
    <property name="path.separator" value=";" />
    <property name="java.vm.version" value="20.45-b01" />
    <property name="user.variant" value="" />
    <property name="ant.library.dir" value="C:\Program Files\Java\apache-ant-1.9.4\lib" />
    <property name="java.awt.printerjob" value="sun.awt.windows.WPrinterJob" />
    <property name="sun.io.unicode.encoding" value="UnicodeLittle" />
    <property name="awt.toolkit" value="sun.awt.windows.WToolkit" />
    <property name="reports.xml.dir" value="C:\ProyectosAlgo3\proyecto-carmensandiego\build\reports\junit-xml" />
    <property name="user.home" value="C:\Users\makënn" />
    <property name="java.specification.vendor" value="Sun Microsystems Inc." />
    <property name="coverage.xml.dir" value="C:\ProyectosAlgo3\proyecto-carmensandiego\build\reports\cobertura-xml" />
    <property name="java.library.path" value="C:\Program Files\Java\jdk1.6.0_45\jre\bin;C:\Windows\Sun\Java\bin;C:\Windows\system32;C:\Windows;C:\Program Files (x86)\AMD APP\bin\x86_64;C:\Program Files (x86)\AMD APP\bin\x86;C:\Windows\system32;C:\Windows;C:\Windows\System32\Wbem;C:\Windows\System32\WindowsPowerShell\v1.0\;C:\Program Files (x86)\ATI Technologies\ATI.ACE\Core-Static;C:\Program Files\SlikSvn\bin;C:\Program Files\Java\apache-ant-1.9.4\bin;C:\Program Files\Java\jdk1.6.0_45\bin;." />
    <property name="java.vendor.url" value="http://java.sun.com/" />
    <property name="java.vm.vendor" value="Sun Microsystems Inc." />
    <property name="java.runtime.name" value="Java(TM) SE Runtime Environment" />
    <property name="sun.java.command" value="org.apache.tools.ant.taskdefs.optional.junit.JUnitTestRunner testsfile=C:\ProyectosAlgo3\proyecto-carmensandiego\junittestcases6065438087141681346.properties skipNonTests=false filtertrace=true haltOnError=false haltOnFailure=false showoutput=false outputtoformatters=true logfailedtests=true threadid=0 logtestlistenerevents=false formatter=org.apache.tools.ant.taskdefs.optional.junit.XMLJUnitResultFormatter,C:\ProyectosAlgo3\proyecto-carmensandiego\build\reports\junit-xml\IGNORETHIS.xml crashfile=C:\ProyectosAlgo3\proyecto-carmensandiego\junitvmwatcher1931839528049387899.properties propsfile=C:\ProyectosAlgo3\proyecto-carmensandiego\junit7457014949494909326.properties" />
    <property name="java.class.path" value="C:\ProyectosAlgo3\proyecto-carmensandiego\build\instrumented;C:\ProyectosAlgo3\proyecto-carmensandiego\build;C:\ProyectosAlgo3\proyecto-carmensandiego\libs\asm-3.0.jar;C:\ProyectosAlgo3\proyecto-carmensandiego\libs\asm-tree-3.0.jar;C:\ProyectosAlgo3\proyecto-carmensandiego\libs\checkstyle-5.5-all.jar;C:\ProyectosAlgo3\proyecto-carmensandiego\libs\cobertura.jar;C:\ProyectosAlgo3\proyecto-carmensandiego\libs\jakarta-oro-2.0.8.jar;C:\ProyectosAlgo3\proyecto-carmensandiego\libs\junit-4.10.jar;C:\ProyectosAlgo3\proyecto-carmensandiego\libs\log4j-1.2.9.jar;C:\ProyectosAlgo3\proyecto-carmensandiego\libs\mockito-all-1.9.0.jar;C:\ProyectosAlgo3\proyecto-carmensandiego\build\tests;C:\Program Files\Java\apache-ant-1.9.4\lib\ant-launcher.jar;C:\Program Files\Java\apache-ant-1.9.4\lib\ant.jar;C:\Program Files\Java\apache-ant-1.9.4\lib\ant-junit.jar;C:\Program Files\Java\apache-ant-1.9.4\lib\ant-junit4.jar" />
    <property name="ant.version" value="Apache Ant(TM) version 1.9.4 compiled on April 29 2014" />
    <property name="java.vm.specification.name" value="Java Virtual Machine Specification" />
    <property name="ant.file.type" value="file" />
    <property name="java.vm.specification.version" value="1.0" />
    <property name="sun.cpu.endian" value="little" />
    <property name="sun.os.patch.level" value="Service Pack 1" />
    <property name="java.io.tmpdir" value="C:\Users\MAKNN~1\AppData\Local\Temp\" />
    <property name="java.vendor.url.bug" value="http://java.sun.com/cgi-bin/bugreport.cgi" />
    <property name="os.arch" value="amd64" />
    <property name="java.awt.graphicsenv" value="sun.awt.Win32GraphicsEnvironment" />
    <property name="instrumented.dir" value="C:\ProyectosAlgo3\proyecto-carmensandiego\build\instrumented" />
    <property name="java.ext.dirs" value="C:\Program Files\Java\jdk1.6.0_45\jre\lib\ext;C:\Windows\Sun\Java\lib\ext" />
    <property name="user.dir" value="C:\ProyectosAlgo3\proyecto-carmensandiego" />
    <property name="line.separator" value="&#xd;&#xa;" />
    <property name="java.vm.name" value="Java HotSpot(TM) 64-Bit Server VM" />
    <property name="basedir" value="C:\ProyectosAlgo3\proyecto-carmensandiego" />
    <property name="ant.java.version" value="1.6" />
    <property name="ant.core.lib" value="C:\Program Files\Java\apache-ant-1.9.4\lib\ant.jar" />
    <property name="file.encoding" value="Cp1252" />
    <property name="ant.file.tp-final-algo3" value="C:\ProyectosAlgo3\proyecto-carmensandiego\build.xml" />
    <property name="java.specification.version" value="1.6" />
    <property name="src.dir" value="C:\ProyectosAlgo3\proyecto-carmensandiego\src" />
    <property name="ant.project.invoked-targets" value="test" />
  </properties>
  <testcase classname="fiuba.algo3.PoliciaTest" name="unPoliciaIniciaConRangoNovatoPorDefecto" time="0.0010" />
  <testcase classname="fiuba.algo3.PoliciaTest" name="unPoliciaIniciaConTiempoDisponibleDistintoDeCero" time="0.0010" />
  <testcase classname="fiuba.algo3.PoliciaTest" name="getTiempoDisponibleDevuelveElTiempoQueLeQuedaAlPolicia" time="0.0" />
  <testcase classname="fiuba.algo3.PoliciaTest" name="setRangoCambiaElRangoDelPolicia" time="0.0" />
  <testcase classname="fiuba.algo3.PoliciaTest" name="viajarSiTieneTiempoCambiaLaCiudadActualDelPoliciaYLeRestaTiempo" time="0.0" />
  <testcase classname="fiuba.algo3.PoliciaTest" name="viajarSiNoLeQuedaTiempoNoCambiaLaCiudadActualNiLeRestaTiempo" time="0.0" />
  <testcase classname="fiuba.algo3.PoliciaTest" name="viajarDevuelveFalseCuandoSeTerminaElTiempo" time="0.0010" />
  <system-out><![CDATA[]]></system-out>
  <system-err><![CDATA[]]></system-err>
</testsuite>
